[0.265s] Invoking command in '/home/steam/steamdeck_rover_ws/build/teleop_twist_joy': CMAKE_PREFIX_PATH=/opt/ros/humble /usr/bin/cmake /home/steam/steamdeck_rover_ws/src/teleop_twist_joy -DAMENT_CMAKE_SYMLINK_INSTALL=1 -DCMAKE_INSTALL_PREFIX=/home/steam/steamdeck_rover_ws/install/teleop_twist_joy
[0.280s] -- Found ament_cmake: 1.3.11 (/opt/ros/humble/share/ament_cmake/cmake)
[0.417s] -- Override CMake install command with custom implementation using symlinks instead of copying resources
[0.428s] -- Found geometry_msgs: 4.9.0 (/opt/ros/humble/share/geometry_msgs/cmake)
[0.456s] -- Found rosidl_generator_c: 3.1.6 (/opt/ros/humble/share/rosidl_generator_c/cmake)
[0.459s] -- Found rosidl_adapter: 3.1.6 (/opt/ros/humble/share/rosidl_adapter/cmake)
[0.465s] -- Found rosidl_generator_cpp: 3.1.6 (/opt/ros/humble/share/rosidl_generator_cpp/cmake)
[0.477s] -- Using all available rosidl_typesupport_c: rosidl_typesupport_fastrtps_c;rosidl_typesupport_introspection_c
[0.490s] -- Using all available rosidl_typesupport_cpp: rosidl_typesupport_fastrtps_cpp;rosidl_typesupport_introspection_cpp
[0.532s] -- Found rclcpp: 16.0.12 (/opt/ros/humble/share/rclcpp/cmake)
[0.562s] -- Found rmw_implementation_cmake: 6.1.2 (/opt/ros/humble/share/rmw_implementation_cmake/cmake)
[0.563s] -- Found rmw_fastrtps_cpp: 6.2.7 (/opt/ros/humble/share/rmw_fastrtps_cpp/cmake)
[0.684s] -- Using RMW implementation 'rmw_fastrtps_cpp' as default
[0.728s] -- Found rclcpp_components: 16.0.12 (/opt/ros/humble/share/rclcpp_components/cmake)
[0.747s] -- Found sensor_msgs: 4.9.0 (/opt/ros/humble/share/sensor_msgs/cmake)
[0.769s] -- Found ament_lint_auto: 0.12.12 (/opt/ros/humble/share/ament_lint_auto/cmake)
[0.857s] -- Found python_cmake_module: 0.10.0 (/opt/ros/humble/share/python_cmake_module/cmake)
[0.884s] -- Using PYTHON_EXECUTABLE: /usr/bin/python3
[0.884s] -- Using PYTHON_INCLUDE_DIRS: /usr/include/python3.10
[0.885s] -- Using PYTHON_LIBRARIES: /usr/lib/x86_64-linux-gnu/libpython3.10.so
[0.911s] -- Added test 'cppcheck' to perform static code analysis on C / C++ code
[0.911s] -- Configured cppcheck include dirs: $<BUILD_INTERFACE:/home/steam/steamdeck_rover_ws/src/teleop_twist_joy/include>
[0.912s] -- Configured cppcheck exclude dirs and/or files: 
[0.917s] -- Added test 'cpplint' to check C / C++ code against the Google style
[0.917s] -- Configured cpplint exclude dirs and/or files: 
[0.918s] -- Added test 'flake8' to check Python code syntax and style conventions
[0.920s] -- Added test 'lint_cmake' to check CMake code style
[0.921s] -- Added test 'pep257' to check Python code against some of the docstring style conventions in PEP 257
[0.927s] -- Added test 'uncrustify' to check C / C++ code style
[0.927s] -- Configured uncrustify additional arguments: 
[0.928s] -- Added test 'xmllint' to check XML markup files
[0.931s] -- Configuring done
[0.949s] -- Generating done
[0.956s] -- Build files have been written to: /home/steam/steamdeck_rover_ws/build/teleop_twist_joy
[0.968s] Invoked command in '/home/steam/steamdeck_rover_ws/build/teleop_twist_joy' returned '0': CMAKE_PREFIX_PATH=/opt/ros/humble /usr/bin/cmake /home/steam/steamdeck_rover_ws/src/teleop_twist_joy -DAMENT_CMAKE_SYMLINK_INSTALL=1 -DCMAKE_INSTALL_PREFIX=/home/steam/steamdeck_rover_ws/install/teleop_twist_joy
[0.970s] Invoking command in '/home/steam/steamdeck_rover_ws/build/teleop_twist_joy': CMAKE_PREFIX_PATH=/opt/ros/humble /usr/bin/cmake --build /home/steam/steamdeck_rover_ws/build/teleop_twist_joy -- -j8 -l8
[1.022s] [35m[1mConsolidate compiler generated dependencies of target teleop_twist_joy[0m
[1.048s] [ 50%] Built target teleop_twist_joy
[1.064s] [35m[1mConsolidate compiler generated dependencies of target teleop_twist_joy_node[0m
[1.086s] [ 75%] [32m[1mLinking CXX executable teleop_node[0m
[1.446s] [100%] Built target teleop_twist_joy_node
[1.462s] Invoked command in '/home/steam/steamdeck_rover_ws/build/teleop_twist_joy' returned '0': CMAKE_PREFIX_PATH=/opt/ros/humble /usr/bin/cmake --build /home/steam/steamdeck_rover_ws/build/teleop_twist_joy -- -j8 -l8
[1.474s] Invoking command in '/home/steam/steamdeck_rover_ws/build/teleop_twist_joy': CMAKE_PREFIX_PATH=/opt/ros/humble /usr/bin/cmake --install /home/steam/steamdeck_rover_ws/build/teleop_twist_joy
[1.483s] -- Install configuration: ""
[1.483s] -- Execute custom install script
[1.483s] -- Symlinking: /home/steam/steamdeck_rover_ws/install/teleop_twist_joy/lib/teleop_twist_joy/teleop_node
[1.495s] -- Symlinking: /home/steam/steamdeck_rover_ws/install/teleop_twist_joy/include/teleop_twist_joy/teleop_twist_joy/teleop_twist_joy.hpp
[1.507s] -- Symlinking: /home/steam/steamdeck_rover_ws/install/teleop_twist_joy/include/teleop_twist_joy/teleop_twist_joy/teleop_twist_joy_export.h
[1.518s] -- Symlinking: /home/steam/steamdeck_rover_ws/install/teleop_twist_joy/share/teleop_twist_joy/launch/teleop-launch.py
[1.531s] -- Symlinking: /home/steam/steamdeck_rover_ws/install/teleop_twist_joy/share/teleop_twist_joy/config/atk3.config.yaml
[1.542s] -- Symlinking: /home/steam/steamdeck_rover_ws/install/teleop_twist_joy/share/teleop_twist_joy/config/pdp.config.yaml
[1.553s] -- Symlinking: /home/steam/steamdeck_rover_ws/install/teleop_twist_joy/share/teleop_twist_joy/config/ps3-holonomic.config.yaml
[1.565s] -- Symlinking: /home/steam/steamdeck_rover_ws/install/teleop_twist_joy/share/teleop_twist_joy/config/ps3.config.yaml
[1.576s] -- Symlinking: /home/steam/steamdeck_rover_ws/install/teleop_twist_joy/share/teleop_twist_joy/config/ps5.config.yaml
[1.587s] -- Symlinking: /home/steam/steamdeck_rover_ws/install/teleop_twist_joy/share/teleop_twist_joy/config/steamdeck_dpad.yaml
[1.599s] -- Symlinking: /home/steam/steamdeck_rover_ws/install/teleop_twist_joy/share/teleop_twist_joy/config/xbox.config.yaml
[1.611s] -- Symlinking: /home/steam/steamdeck_rover_ws/install/teleop_twist_joy/share/teleop_twist_joy/config/xd3.config.yaml
[1.622s] -- Symlinking: /home/steam/steamdeck_rover_ws/install/teleop_twist_joy/share/teleop_twist_joy/environment/library_path.sh
[1.634s] -- Symlinking: /home/steam/steamdeck_rover_ws/install/teleop_twist_joy/share/teleop_twist_joy/environment/library_path.dsv
[1.646s] -- Symlinking: /home/steam/steamdeck_rover_ws/install/teleop_twist_joy/share/ament_index/resource_index/package_run_dependencies/teleop_twist_joy
[1.659s] -- Symlinking: /home/steam/steamdeck_rover_ws/install/teleop_twist_joy/share/ament_index/resource_index/parent_prefix_path/teleop_twist_joy
[1.670s] -- Symlinking: /home/steam/steamdeck_rover_ws/install/teleop_twist_joy/share/teleop_twist_joy/environment/ament_prefix_path.sh
[1.682s] -- Symlinking: /home/steam/steamdeck_rover_ws/install/teleop_twist_joy/share/teleop_twist_joy/environment/ament_prefix_path.dsv
[1.694s] -- Symlinking: /home/steam/steamdeck_rover_ws/install/teleop_twist_joy/share/teleop_twist_joy/environment/path.sh
[1.706s] -- Symlinking: /home/steam/steamdeck_rover_ws/install/teleop_twist_joy/share/teleop_twist_joy/environment/path.dsv
[1.717s] -- Symlinking: /home/steam/steamdeck_rover_ws/install/teleop_twist_joy/share/teleop_twist_joy/local_setup.bash
[1.729s] -- Symlinking: /home/steam/steamdeck_rover_ws/install/teleop_twist_joy/share/teleop_twist_joy/local_setup.sh
[1.741s] -- Symlinking: /home/steam/steamdeck_rover_ws/install/teleop_twist_joy/share/teleop_twist_joy/local_setup.zsh
[1.753s] -- Symlinking: /home/steam/steamdeck_rover_ws/install/teleop_twist_joy/share/teleop_twist_joy/local_setup.dsv
[1.765s] -- Symlinking: /home/steam/steamdeck_rover_ws/install/teleop_twist_joy/share/teleop_twist_joy/package.dsv
[1.777s] -- Symlinking: /home/steam/steamdeck_rover_ws/install/teleop_twist_joy/share/ament_index/resource_index/packages/teleop_twist_joy
[1.789s] -- Symlinking: /home/steam/steamdeck_rover_ws/install/teleop_twist_joy/share/ament_index/resource_index/rclcpp_components/teleop_twist_joy
[1.800s] -- Symlinking: /home/steam/steamdeck_rover_ws/install/teleop_twist_joy/share/teleop_twist_joy/cmake/ament_cmake_export_include_directories-extras.cmake
[1.813s] -- Symlinking: /home/steam/steamdeck_rover_ws/install/teleop_twist_joy/share/teleop_twist_joy/cmake/ament_cmake_export_libraries-extras.cmake
[1.824s] -- Symlinking: /home/steam/steamdeck_rover_ws/install/teleop_twist_joy/share/teleop_twist_joy/cmake/ament_cmake_export_targets-extras.cmake
[1.835s] -- Symlinking: /home/steam/steamdeck_rover_ws/install/teleop_twist_joy/share/teleop_twist_joy/cmake/teleop_twist_joyConfig.cmake
[1.847s] -- Symlinking: /home/steam/steamdeck_rover_ws/install/teleop_twist_joy/share/teleop_twist_joy/cmake/teleop_twist_joyConfig-version.cmake
[1.859s] -- Symlinking: /home/steam/steamdeck_rover_ws/install/teleop_twist_joy/share/teleop_twist_joy/package.xml
[1.871s] -- Up-to-date: /home/steam/steamdeck_rover_ws/install/teleop_twist_joy/lib/libteleop_twist_joy.so
[1.871s] -- Up-to-date: /home/steam/steamdeck_rover_ws/install/teleop_twist_joy/share/teleop_twist_joy/cmake/export_teleop_twist_joyExport.cmake
[1.871s] -- Up-to-date: /home/steam/steamdeck_rover_ws/install/teleop_twist_joy/share/teleop_twist_joy/cmake/export_teleop_twist_joyExport-noconfig.cmake
[1.875s] Invoked command in '/home/steam/steamdeck_rover_ws/build/teleop_twist_joy' returned '0': CMAKE_PREFIX_PATH=/opt/ros/humble /usr/bin/cmake --install /home/steam/steamdeck_rover_ws/build/teleop_twist_joy
