running egg_info
creating ../../build/joy_reader/joy_reader.egg-info
writing ../../build/joy_reader/joy_reader.egg-info/PKG-INFO
writing dependency_links to ../../build/joy_reader/joy_reader.egg-info/dependency_links.txt
writing entry points to ../../build/joy_reader/joy_reader.egg-info/entry_points.txt
writing requirements to ../../build/joy_reader/joy_reader.egg-info/requires.txt
writing top-level names to ../../build/joy_reader/joy_reader.egg-info/top_level.txt
writing manifest file '../../build/joy_reader/joy_reader.egg-info/SOURCES.txt'
reading manifest file '../../build/joy_reader/joy_reader.egg-info/SOURCES.txt'
writing manifest file '../../build/joy_reader/joy_reader.egg-info/SOURCES.txt'
running build
running build_py
creating /home/steam/steamdeck_rover_ws/build/joy_reader/build
creating /home/steam/steamdeck_rover_ws/build/joy_reader/build/lib
creating /home/steam/steamdeck_rover_ws/build/joy_reader/build/lib/joy_reader
copying joy_reader/__init__.py -> /home/steam/steamdeck_rover_ws/build/joy_reader/build/lib/joy_reader
copying joy_reader/joy_reader_node.py -> /home/steam/steamdeck_rover_ws/build/joy_reader/build/lib/joy_reader
running install
running install_lib
creating /home/steam/steamdeck_rover_ws/install/joy_reader/lib/python3.10/site-packages/joy_reader
copying /home/steam/steamdeck_rover_ws/build/joy_reader/build/lib/joy_reader/__init__.py -> /home/steam/steamdeck_rover_ws/install/joy_reader/lib/python3.10/site-packages/joy_reader
copying /home/steam/steamdeck_rover_ws/build/joy_reader/build/lib/joy_reader/joy_reader_node.py -> /home/steam/steamdeck_rover_ws/install/joy_reader/lib/python3.10/site-packages/joy_reader
byte-compiling /home/steam/steamdeck_rover_ws/install/joy_reader/lib/python3.10/site-packages/joy_reader/__init__.py to __init__.cpython-310.pyc
byte-compiling /home/steam/steamdeck_rover_ws/install/joy_reader/lib/python3.10/site-packages/joy_reader/joy_reader_node.py to joy_reader_node.cpython-310.pyc
running install_data
creating /home/steam/steamdeck_rover_ws/install/joy_reader/share/ament_index
creating /home/steam/steamdeck_rover_ws/install/joy_reader/share/ament_index/resource_index
creating /home/steam/steamdeck_rover_ws/install/joy_reader/share/ament_index/resource_index/packages
copying resource/joy_reader -> /home/steam/steamdeck_rover_ws/install/joy_reader/share/ament_index/resource_index/packages
copying package.xml -> /home/steam/steamdeck_rover_ws/install/joy_reader/share/joy_reader
running install_egg_info
Copying ../../build/joy_reader/joy_reader.egg-info to /home/steam/steamdeck_rover_ws/install/joy_reader/lib/python3.10/site-packages/joy_reader-0.0.0-py3.10.egg-info
running install_scripts
Installing joy_reader_node script to /home/steam/steamdeck_rover_ws/install/joy_reader/lib/joy_reader
writing list of installed files to '/home/steam/steamdeck_rover_ws/build/joy_reader/install.log'
