[0.848s] Invoking command in '/home/steam/steamdeck_rover_ws/src/joy_reader': PYTHONPATH=/home/steam/steamdeck_rover_ws/build/joy_reader/prefix_override:/usr/lib/python3/dist-packages/colcon_core/task/python/colcon_distutils_commands:/home/steam/steamdeck_rover_ws/install/joy_reader/lib/python3.10/site-packages:${PYTHONPATH} /usr/bin/python3 -W ignore:setup.py install is deprecated -W ignore:easy_install command is deprecated setup.py egg_info --egg-base ../../build/joy_reader build --build-base /home/steam/steamdeck_rover_ws/build/joy_reader/build install --record /home/steam/steamdeck_rover_ws/build/joy_reader/install.log --single-version-externally-managed install_data
[1.142s] running egg_info
[1.142s] creating ../../build/joy_reader/joy_reader.egg-info
[1.143s] writing ../../build/joy_reader/joy_reader.egg-info/PKG-INFO
[1.143s] writing dependency_links to ../../build/joy_reader/joy_reader.egg-info/dependency_links.txt
[1.143s] writing entry points to ../../build/joy_reader/joy_reader.egg-info/entry_points.txt
[1.144s] writing requirements to ../../build/joy_reader/joy_reader.egg-info/requires.txt
[1.144s] writing top-level names to ../../build/joy_reader/joy_reader.egg-info/top_level.txt
[1.144s] writing manifest file '../../build/joy_reader/joy_reader.egg-info/SOURCES.txt'
[1.147s] reading manifest file '../../build/joy_reader/joy_reader.egg-info/SOURCES.txt'
[1.148s] writing manifest file '../../build/joy_reader/joy_reader.egg-info/SOURCES.txt'
[1.148s] running build
[1.148s] running build_py
[1.148s] creating /home/steam/steamdeck_rover_ws/build/joy_reader/build
[1.148s] creating /home/steam/steamdeck_rover_ws/build/joy_reader/build/lib
[1.148s] creating /home/steam/steamdeck_rover_ws/build/joy_reader/build/lib/joy_reader
[1.149s] copying joy_reader/__init__.py -> /home/steam/steamdeck_rover_ws/build/joy_reader/build/lib/joy_reader
[1.149s] copying joy_reader/joy_reader_node.py -> /home/steam/steamdeck_rover_ws/build/joy_reader/build/lib/joy_reader
[1.149s] running install
[1.149s] running install_lib
[1.150s] creating /home/steam/steamdeck_rover_ws/install/joy_reader/lib/python3.10/site-packages/joy_reader
[1.150s] copying /home/steam/steamdeck_rover_ws/build/joy_reader/build/lib/joy_reader/__init__.py -> /home/steam/steamdeck_rover_ws/install/joy_reader/lib/python3.10/site-packages/joy_reader
[1.150s] copying /home/steam/steamdeck_rover_ws/build/joy_reader/build/lib/joy_reader/joy_reader_node.py -> /home/steam/steamdeck_rover_ws/install/joy_reader/lib/python3.10/site-packages/joy_reader
[1.151s] byte-compiling /home/steam/steamdeck_rover_ws/install/joy_reader/lib/python3.10/site-packages/joy_reader/__init__.py to __init__.cpython-310.pyc
[1.152s] byte-compiling /home/steam/steamdeck_rover_ws/install/joy_reader/lib/python3.10/site-packages/joy_reader/joy_reader_node.py to joy_reader_node.cpython-310.pyc
[1.152s] running install_data
[1.152s] creating /home/steam/steamdeck_rover_ws/install/joy_reader/share/ament_index
[1.153s] creating /home/steam/steamdeck_rover_ws/install/joy_reader/share/ament_index/resource_index
[1.153s] creating /home/steam/steamdeck_rover_ws/install/joy_reader/share/ament_index/resource_index/packages
[1.153s] copying resource/joy_reader -> /home/steam/steamdeck_rover_ws/install/joy_reader/share/ament_index/resource_index/packages
[1.153s] copying package.xml -> /home/steam/steamdeck_rover_ws/install/joy_reader/share/joy_reader
[1.153s] running install_egg_info
[1.155s] Copying ../../build/joy_reader/joy_reader.egg-info to /home/steam/steamdeck_rover_ws/install/joy_reader/lib/python3.10/site-packages/joy_reader-0.0.0-py3.10.egg-info
[1.157s] running install_scripts
[1.185s] Installing joy_reader_node script to /home/steam/steamdeck_rover_ws/install/joy_reader/lib/joy_reader
[1.185s] writing list of installed files to '/home/steam/steamdeck_rover_ws/build/joy_reader/install.log'
[1.228s] Invoked command in '/home/steam/steamdeck_rover_ws/src/joy_reader' returned '0': PYTHONPATH=/home/steam/steamdeck_rover_ws/build/joy_reader/prefix_override:/usr/lib/python3/dist-packages/colcon_core/task/python/colcon_distutils_commands:/home/steam/steamdeck_rover_ws/install/joy_reader/lib/python3.10/site-packages:${PYTHONPATH} /usr/bin/python3 -W ignore:setup.py install is deprecated -W ignore:easy_install command is deprecated setup.py egg_info --egg-base ../../build/joy_reader build --build-base /home/steam/steamdeck_rover_ws/build/joy_reader/build install --record /home/steam/steamdeck_rover_ws/build/joy_reader/install.log --single-version-externally-managed install_data
